[ INFO ] 2023-08-15 11:25:14.966 - ***********************************************************************************************************
[ INFO ] 2023-08-15 11:25:14.975 - ###################### ###################### SCENARIO BEGINS ###################### ######################
[ INFO ] 2023-08-15 11:25:14.976 - ***********************************************************************************************************
[ERROR ] 2023-08-15 11:25:16.027 - Error HTTP 404 executing https://chromedriver.storage.googleapis.com/LATEST_RELEASE_115
[ WARN ] 2023-08-15 11:25:16.029 - Exception reading https://chromedriver.storage.googleapis.com/LATEST_RELEASE_115 to get latest version of chromedriver (Error HTTP 404 executing https://chromedriver.storage.googleapis.com/LATEST_RELEASE_115)
[ INFO ] 2023-08-15 11:25:16.176 - Exporting webdriver.chrome.driver as C:\Users\aasvi\.cache\selenium\chromedriver\win32\114.0.5735.90\chromedriver.exe
[ INFO ] 2023-08-15 11:25:17.629 - General Msg: Connection Established !!
[ INFO ] 2023-08-15 11:25:18.017 - General Msg: Web Page Launched !!
[ INFO ] 2023-08-15 11:25:18.568 - General Msg: User clicked the Get Started Button !!
[ INFO ] 2023-08-15 11:25:18.581 - General Msg: User is at Home Page !!
[ INFO ] 2023-08-15 11:25:18.742 - General Msg: User clicks Page Title - stays at Home Page !!
[ INFO ] 2023-08-15 11:25:18.976 - General Msg: User Clicked Data Structures dropdown !!
[ INFO ] 2023-08-15 11:25:18.981 - General Msg: User clicks Data Structures Dropdown Menu - stays at Home Page !!
[ INFO ] 2023-08-15 11:25:20.260 - General Msg: User clicks DS Intro Button - not logged in - stays at Home Page !!
[ INFO ] 2023-08-15 11:25:21.615 - General Msg: User clicks Array Button - not logged in - stays at Home Page !!
[ INFO ] 2023-08-15 11:25:22.955 - General Msg: User clicks Linked List Button - not logged in - stays at Home Page !!
[ INFO ] 2023-08-15 11:25:24.289 - General Msg: User clicks Stack Button - not logged in - stays at Home Page !!
[ INFO ] 2023-08-15 11:25:25.629 - General Msg: User clicks Queue Button - not logged in - stays at Home Page !!
[ INFO ] 2023-08-15 11:25:26.932 - General Msg: User clicks Tree Button - not logged in - stays at Home Page !!
[ INFO ] 2023-08-15 11:25:28.193 - General Msg: User clicks Graph Button - not logged in - stays at Home Page !!
[ INFO ] 2023-08-15 11:25:29.427 - General Msg: User clicks User Registration Link - Moves to User Registration Page !!
[ INFO ] 2023-08-15 11:25:30.707 - General Msg: User clicks Sign-In Link - Moves to User Sign-In Page !!
[ INFO ] 2023-08-15 11:25:31.885 - General Msg: User closed the browser / driver !
[ INFO ] 2023-08-15 11:25:31.893 - SCENARIO : *** USER LAUNCHES THE WEB PAGE *** passed successfully !
[ INFO ] 2023-08-15 11:25:31.893 - ***********************************************************************************************************
[ INFO ] 2023-08-15 11:25:31.893 - ###################### ###################### SCENARIO ENDS ###################### ######################
[ INFO ] 2023-08-15 11:25:31.893 - ***********************************************************************************************************
[ INFO ] 2023-08-15 11:25:32.095 - ***********************************************************************************************************
[ INFO ] 2023-08-15 11:25:32.095 - ###################### ###################### SCENARIO BEGINS ###################### ######################
[ INFO ] 2023-08-15 11:25:32.095 - ***********************************************************************************************************
[ERROR ] 2023-08-15 11:25:32.523 - Error HTTP 404 executing https://chromedriver.storage.googleapis.com/LATEST_RELEASE_115
[ WARN ] 2023-08-15 11:25:32.523 - Exception reading https://chromedriver.storage.googleapis.com/LATEST_RELEASE_115 to get latest version of chromedriver (Error HTTP 404 executing https://chromedriver.storage.googleapis.com/LATEST_RELEASE_115)
[ INFO ] 2023-08-15 11:25:32.662 - Exporting webdriver.chrome.driver as C:\Users\aasvi\.cache\selenium\chromedriver\win32\114.0.5735.90\chromedriver.exe
[ INFO ] 2023-08-15 11:25:33.615 - General Msg: Connection Established !!
[ INFO ] 2023-08-15 11:25:33.621 - Class Name: stepDefn -> Method: user_launches_the_browser -> SUCCESS Msg: Launching web page to check the user registration test case !
[ INFO ] 2023-08-15 11:25:34.139 - General Msg: User landed in User Registration Page !
[ INFO ] 2023-08-15 11:25:35.543 - General Msg: User testing registering User Name () and Password () and P2 () in User Registration Page !
[ERROR ] 2023-08-15 11:25:35.566 - Username () is the same as Password!!
[ERROR ] 2023-08-15 11:25:35.566 - Username is empty !!
[ INFO ] 2023-08-15 11:25:35.733 - Please fill out this field. -> system validated msg !
[ERROR ] 2023-08-15 11:25:35.733 - Username () is the same as Password!!
[ERROR ] 2023-08-15 11:25:35.733 - Username () does not follow the standards !! Reason : (Shorter than 8 characters)
[ERROR ] 2023-08-15 11:25:35.733 - Password is empty !!
[ INFO ] 2023-08-15 11:25:35.861 - Please fill out this field. -> system validated msg !
[ERROR ] 2023-08-15 11:25:35.861 - Confirm Password is empty !!
[ INFO ] 2023-08-15 11:25:35.977 - Please fill out this field. -> system validated msg !
[ERROR ] 2023-08-15 11:25:35.977 - Invalid User Registration details supplied !!
[ERROR ] 2023-08-15 11:25:35.983 - Class Name: stepDefn -> Method: page_source_contains -> Error Msg: Invalid credentials to register the user !!
[ INFO ] 2023-08-15 11:25:37.168 - General Msg: User closed the browser / driver !
[ INFO ] 2023-08-15 11:25:37.173 - SCENARIO : *** DATA DRIVEN CONCEPT OF REGISTERING WITH A VALID USERNAME AND PASSWORD *** passed successfully !
[ INFO ] 2023-08-15 11:25:37.174 - ***********************************************************************************************************
[ INFO ] 2023-08-15 11:25:37.174 - ###################### ###################### SCENARIO ENDS ###################### ######################
[ INFO ] 2023-08-15 11:25:37.174 - ***********************************************************************************************************
[ INFO ] 2023-08-15 11:25:37.279 - ***********************************************************************************************************
[ INFO ] 2023-08-15 11:25:37.279 - ###################### ###################### SCENARIO BEGINS ###################### ######################
[ INFO ] 2023-08-15 11:25:37.279 - ***********************************************************************************************************
[ERROR ] 2023-08-15 11:25:37.765 - Error HTTP 404 executing https://chromedriver.storage.googleapis.com/LATEST_RELEASE_115
[ WARN ] 2023-08-15 11:25:37.765 - Exception reading https://chromedriver.storage.googleapis.com/LATEST_RELEASE_115 to get latest version of chromedriver (Error HTTP 404 executing https://chromedriver.storage.googleapis.com/LATEST_RELEASE_115)
[ INFO ] 2023-08-15 11:25:37.908 - Exporting webdriver.chrome.driver as C:\Users\aasvi\.cache\selenium\chromedriver\win32\114.0.5735.90\chromedriver.exe
[ INFO ] 2023-08-15 11:25:38.812 - General Msg: Connection Established !!
[ INFO ] 2023-08-15 11:25:38.814 - Class Name: stepDefn -> Method: user_launches_the_browser -> SUCCESS Msg: Launching web page to check the user registration test case !
[ INFO ] 2023-08-15 11:25:39.347 - General Msg: User landed in User Registration Page !
[ INFO ] 2023-08-15 11:25:40.757 - General Msg: User testing registering User Name () and Password (password) and P2 (password) in User Registration Page !
[ERROR ] 2023-08-15 11:25:40.781 - Username is empty !!
[ INFO ] 2023-08-15 11:25:40.965 - Please fill out this field. -> system validated msg !
[ERROR ] 2023-08-15 11:25:40.965 - Username () does not follow the standards !! Reason : (Shorter than 8 characters)
[ERROR ] 2023-08-15 11:25:40.965 - Passwords do not match !!
[ERROR ] 2023-08-15 11:25:40.965 - Invalid User Registration details supplied !!
[ERROR ] 2023-08-15 11:25:40.969 - Class Name: stepDefn -> Method: page_source_contains -> Error Msg: Invalid credentials to register the user !!
[ INFO ] 2023-08-15 11:25:42.203 - General Msg: User closed the browser / driver !
[ INFO ] 2023-08-15 11:25:42.206 - SCENARIO : *** DATA DRIVEN CONCEPT OF REGISTERING WITH A VALID USERNAME AND PASSWORD *** passed successfully !
[ INFO ] 2023-08-15 11:25:42.207 - ***********************************************************************************************************
[ INFO ] 2023-08-15 11:25:42.207 - ###################### ###################### SCENARIO ENDS ###################### ######################
[ INFO ] 2023-08-15 11:25:42.209 - ***********************************************************************************************************
[ INFO ] 2023-08-15 11:25:42.282 - ***********************************************************************************************************
[ INFO ] 2023-08-15 11:25:42.282 - ###################### ###################### SCENARIO BEGINS ###################### ######################
[ INFO ] 2023-08-15 11:25:42.282 - ***********************************************************************************************************
[ERROR ] 2023-08-15 11:25:42.714 - Error HTTP 404 executing https://chromedriver.storage.googleapis.com/LATEST_RELEASE_115
[ WARN ] 2023-08-15 11:25:42.714 - Exception reading https://chromedriver.storage.googleapis.com/LATEST_RELEASE_115 to get latest version of chromedriver (Error HTTP 404 executing https://chromedriver.storage.googleapis.com/LATEST_RELEASE_115)
[ INFO ] 2023-08-15 11:25:42.854 - Exporting webdriver.chrome.driver as C:\Users\aasvi\.cache\selenium\chromedriver\win32\114.0.5735.90\chromedriver.exe
[ INFO ] 2023-08-15 11:25:43.733 - General Msg: Connection Established !!
[ INFO ] 2023-08-15 11:25:43.735 - Class Name: stepDefn -> Method: user_launches_the_browser -> SUCCESS Msg: Launching web page to check the user registration test case !
[ INFO ] 2023-08-15 11:25:44.220 - General Msg: User landed in User Registration Page !
[ INFO ] 2023-08-15 11:25:45.612 - General Msg: User testing registering User Name (username) and Password () and P2 () in User Registration Page !
[ERROR ] 2023-08-15 11:25:45.620 - Password is empty !!
[ INFO ] 2023-08-15 11:25:45.763 - Please fill out this field. -> system validated msg !
[ERROR ] 2023-08-15 11:25:45.763 - Confirm Password is empty !!
[ INFO ] 2023-08-15 11:25:45.881 - Please fill out this field. -> system validated msg !
[ERROR ] 2023-08-15 11:25:45.881 - Invalid User Registration details supplied !!
[ERROR ] 2023-08-15 11:25:45.884 - Class Name: stepDefn -> Method: page_source_contains -> Error Msg: Invalid credentials to register the user !!
[ INFO ] 2023-08-15 11:25:47.124 - General Msg: User closed the browser / driver !
[ INFO ] 2023-08-15 11:25:47.134 - SCENARIO : *** DATA DRIVEN CONCEPT OF REGISTERING WITH A VALID USERNAME AND PASSWORD *** passed successfully !
[ INFO ] 2023-08-15 11:25:47.134 - ***********************************************************************************************************
[ INFO ] 2023-08-15 11:25:47.134 - ###################### ###################### SCENARIO ENDS ###################### ######################
[ INFO ] 2023-08-15 11:25:47.134 - ***********************************************************************************************************
[ INFO ] 2023-08-15 11:25:47.167 - ***********************************************************************************************************
[ INFO ] 2023-08-15 11:25:47.167 - ###################### ###################### SCENARIO BEGINS ###################### ######################
[ INFO ] 2023-08-15 11:25:47.167 - ***********************************************************************************************************
[ERROR ] 2023-08-15 11:25:47.664 - Error HTTP 404 executing https://chromedriver.storage.googleapis.com/LATEST_RELEASE_115
[ WARN ] 2023-08-15 11:25:47.665 - Exception reading https://chromedriver.storage.googleapis.com/LATEST_RELEASE_115 to get latest version of chromedriver (Error HTTP 404 executing https://chromedriver.storage.googleapis.com/LATEST_RELEASE_115)
[ INFO ] 2023-08-15 11:25:47.805 - Exporting webdriver.chrome.driver as C:\Users\aasvi\.cache\selenium\chromedriver\win32\114.0.5735.90\chromedriver.exe
[ INFO ] 2023-08-15 11:25:48.622 - General Msg: Connection Established !!
[ INFO ] 2023-08-15 11:25:48.624 - Class Name: stepDefn -> Method: user_launches_the_browser -> SUCCESS Msg: Launching web page to check the user registration test case !
[ INFO ] 2023-08-15 11:25:49.380 - General Msg: User landed in User Registration Page !
[ INFO ] 2023-08-15 11:25:50.773 - General Msg: User testing registering User Name (username) and Password (password) and P2 () in User Registration Page !
[ERROR ] 2023-08-15 11:25:50.785 - Confirm Password is empty !!
[ INFO ] 2023-08-15 11:25:50.943 - Please fill out this field. -> system validated msg !
[ERROR ] 2023-08-15 11:25:50.943 - Passwords do not match !!
[ERROR ] 2023-08-15 11:25:50.943 - Invalid User Registration details supplied !!
[ERROR ] 2023-08-15 11:25:50.944 - Class Name: stepDefn -> Method: page_source_contains -> Error Msg: Invalid credentials to register the user !!
[ INFO ] 2023-08-15 11:25:52.128 - General Msg: User closed the browser / driver !
[ INFO ] 2023-08-15 11:25:52.131 - SCENARIO : *** DATA DRIVEN CONCEPT OF REGISTERING WITH A VALID USERNAME AND PASSWORD *** passed successfully !
[ INFO ] 2023-08-15 11:25:52.131 - ***********************************************************************************************************
[ INFO ] 2023-08-15 11:25:52.131 - ###################### ###################### SCENARIO ENDS ###################### ######################
[ INFO ] 2023-08-15 11:25:52.131 - ***********************************************************************************************************
[ INFO ] 2023-08-15 11:25:52.155 - ***********************************************************************************************************
[ INFO ] 2023-08-15 11:25:52.155 - ###################### ###################### SCENARIO BEGINS ###################### ######################
[ INFO ] 2023-08-15 11:25:52.155 - ***********************************************************************************************************
[ERROR ] 2023-08-15 11:25:52.599 - Error HTTP 404 executing https://chromedriver.storage.googleapis.com/LATEST_RELEASE_115
[ WARN ] 2023-08-15 11:25:52.599 - Exception reading https://chromedriver.storage.googleapis.com/LATEST_RELEASE_115 to get latest version of chromedriver (Error HTTP 404 executing https://chromedriver.storage.googleapis.com/LATEST_RELEASE_115)
[ INFO ] 2023-08-15 11:25:52.745 - Exporting webdriver.chrome.driver as C:\Users\aasvi\.cache\selenium\chromedriver\win32\114.0.5735.90\chromedriver.exe
[ INFO ] 2023-08-15 11:25:53.693 - General Msg: Connection Established !!
[ INFO ] 2023-08-15 11:25:53.700 - Class Name: stepDefn -> Method: user_launches_the_browser -> SUCCESS Msg: Launching web page to check the user registration test case !
[ INFO ] 2023-08-15 11:25:54.217 - General Msg: User landed in User Registration Page !
[ INFO ] 2023-08-15 11:25:55.629 - General Msg: User testing registering User Name (username) and Password () and P2 (password) in User Registration Page !
[ERROR ] 2023-08-15 11:25:55.648 - Password is empty !!
[ INFO ] 2023-08-15 11:25:55.776 - Please fill out this field. -> system validated msg !
[ERROR ] 2023-08-15 11:25:55.776 - Passwords do not match !!
[ERROR ] 2023-08-15 11:25:55.776 - Invalid User Registration details supplied !!
[ERROR ] 2023-08-15 11:25:55.779 - Class Name: stepDefn -> Method: page_source_contains -> Error Msg: Invalid credentials to register the user !!
[ INFO ] 2023-08-15 11:25:56.945 - General Msg: User closed the browser / driver !
[ INFO ] 2023-08-15 11:25:56.957 - SCENARIO : *** DATA DRIVEN CONCEPT OF REGISTERING WITH A VALID USERNAME AND PASSWORD *** passed successfully !
[ INFO ] 2023-08-15 11:25:56.957 - ***********************************************************************************************************
[ INFO ] 2023-08-15 11:25:56.957 - ###################### ###################### SCENARIO ENDS ###################### ######################
[ INFO ] 2023-08-15 11:25:56.957 - ***********************************************************************************************************
[ INFO ] 2023-08-15 11:25:56.983 - ***********************************************************************************************************
[ INFO ] 2023-08-15 11:25:56.983 - ###################### ###################### SCENARIO BEGINS ###################### ######################
[ INFO ] 2023-08-15 11:25:56.984 - ***********************************************************************************************************
[ERROR ] 2023-08-15 11:25:57.395 - Error HTTP 404 executing https://chromedriver.storage.googleapis.com/LATEST_RELEASE_115
[ WARN ] 2023-08-15 11:25:57.395 - Exception reading https://chromedriver.storage.googleapis.com/LATEST_RELEASE_115 to get latest version of chromedriver (Error HTTP 404 executing https://chromedriver.storage.googleapis.com/LATEST_RELEASE_115)
[ INFO ] 2023-08-15 11:25:57.529 - Exporting webdriver.chrome.driver as C:\Users\aasvi\.cache\selenium\chromedriver\win32\114.0.5735.90\chromedriver.exe
[ INFO ] 2023-08-15 11:25:58.392 - General Msg: Connection Established !!
[ INFO ] 2023-08-15 11:25:58.395 - Class Name: stepDefn -> Method: user_launches_the_browser -> SUCCESS Msg: Launching web page to check the user registration test case !
[ INFO ] 2023-08-15 11:25:58.922 - General Msg: User landed in User Registration Page !
[ INFO ] 2023-08-15 11:26:00.478 - General Msg: User testing registering User Name (username) and Password (password) and P2 (pass) in User Registration Page !
[ERROR ] 2023-08-15 11:26:00.502 - Passwords do not match !!
[ERROR ] 2023-08-15 11:26:00.502 - Invalid User Registration details supplied !!
[ERROR ] 2023-08-15 11:26:00.504 - Class Name: stepDefn -> Method: page_source_contains -> Error Msg: Invalid credentials to register the user !!
[ INFO ] 2023-08-15 11:26:01.681 - General Msg: User closed the browser / driver !
[ INFO ] 2023-08-15 11:26:01.685 - SCENARIO : *** DATA DRIVEN CONCEPT OF REGISTERING WITH A VALID USERNAME AND PASSWORD *** passed successfully !
[ INFO ] 2023-08-15 11:26:01.686 - ***********************************************************************************************************
[ INFO ] 2023-08-15 11:26:01.686 - ###################### ###################### SCENARIO ENDS ###################### ######################
[ INFO ] 2023-08-15 11:26:01.687 - ***********************************************************************************************************
[ INFO ] 2023-08-15 11:26:01.712 - ***********************************************************************************************************
[ INFO ] 2023-08-15 11:26:01.712 - ###################### ###################### SCENARIO BEGINS ###################### ######################
[ INFO ] 2023-08-15 11:26:01.712 - ***********************************************************************************************************
[ERROR ] 2023-08-15 11:26:02.185 - Error HTTP 404 executing https://chromedriver.storage.googleapis.com/LATEST_RELEASE_115
[ WARN ] 2023-08-15 11:26:02.185 - Exception reading https://chromedriver.storage.googleapis.com/LATEST_RELEASE_115 to get latest version of chromedriver (Error HTTP 404 executing https://chromedriver.storage.googleapis.com/LATEST_RELEASE_115)
[ INFO ] 2023-08-15 11:26:02.330 - Exporting webdriver.chrome.driver as C:\Users\aasvi\.cache\selenium\chromedriver\win32\114.0.5735.90\chromedriver.exe
[ INFO ] 2023-08-15 11:26:03.241 - General Msg: Connection Established !!
[ INFO ] 2023-08-15 11:26:03.245 - Class Name: stepDefn -> Method: user_launches_the_browser -> SUCCESS Msg: Launching web page to check the user registration test case !
[ INFO ] 2023-08-15 11:26:03.733 - General Msg: User landed in User Registration Page !
[ INFO ] 2023-08-15 11:26:05.149 - General Msg: User testing registering User Name (user1234) and Password (password) and P2 (pass) in User Registration Page !
[ERROR ] 2023-08-15 11:26:05.171 - Passwords do not match !!
[ERROR ] 2023-08-15 11:26:05.171 - Invalid User Registration details supplied !!
[ERROR ] 2023-08-15 11:26:05.173 - Class Name: stepDefn -> Method: page_source_contains -> Error Msg: Invalid credentials to register the user !!
[ INFO ] 2023-08-15 11:26:06.393 - General Msg: User closed the browser / driver !
[ INFO ] 2023-08-15 11:26:06.404 - SCENARIO : *** DATA DRIVEN CONCEPT OF REGISTERING WITH A VALID USERNAME AND PASSWORD *** passed successfully !
[ INFO ] 2023-08-15 11:26:06.404 - ***********************************************************************************************************
[ INFO ] 2023-08-15 11:26:06.404 - ###################### ###################### SCENARIO ENDS ###################### ######################
[ INFO ] 2023-08-15 11:26:06.404 - ***********************************************************************************************************
[ INFO ] 2023-08-15 11:26:06.421 - ***********************************************************************************************************
[ INFO ] 2023-08-15 11:26:06.421 - ###################### ###################### SCENARIO BEGINS ###################### ######################
[ INFO ] 2023-08-15 11:26:06.421 - ***********************************************************************************************************
[ERROR ] 2023-08-15 11:26:06.864 - Error HTTP 404 executing https://chromedriver.storage.googleapis.com/LATEST_RELEASE_115
[ WARN ] 2023-08-15 11:26:06.864 - Exception reading https://chromedriver.storage.googleapis.com/LATEST_RELEASE_115 to get latest version of chromedriver (Error HTTP 404 executing https://chromedriver.storage.googleapis.com/LATEST_RELEASE_115)
[ INFO ] 2023-08-15 11:26:07.000 - Exporting webdriver.chrome.driver as C:\Users\aasvi\.cache\selenium\chromedriver\win32\114.0.5735.90\chromedriver.exe
[ INFO ] 2023-08-15 11:26:07.900 - General Msg: Connection Established !!
[ INFO ] 2023-08-15 11:26:07.902 - Class Name: stepDefn -> Method: user_launches_the_browser -> SUCCESS Msg: Launching web page to check the user registration test case !
[ INFO ] 2023-08-15 11:26:08.393 - General Msg: User landed in User Registration Page !
[ INFO ] 2023-08-15 11:26:09.813 - General Msg: User testing registering User Name (username) and Password (username) and P2 () in User Registration Page !
[ERROR ] 2023-08-15 11:26:09.826 - Username (username) is the same as Password!!
[ERROR ] 2023-08-15 11:26:09.826 - Username (username) is the same as Password!!
[ERROR ] 2023-08-15 11:26:09.827 - Confirm Password is empty !!
[ INFO ] 2023-08-15 11:26:09.973 - Please fill out this field. -> system validated msg !
[ERROR ] 2023-08-15 11:26:09.973 - Passwords do not match !!
[ERROR ] 2023-08-15 11:26:09.973 - Invalid User Registration details supplied !!
[ERROR ] 2023-08-15 11:26:09.976 - Class Name: stepDefn -> Method: page_source_contains -> Error Msg: Invalid credentials to register the user !!
[ INFO ] 2023-08-15 11:26:11.181 - General Msg: User closed the browser / driver !
[ INFO ] 2023-08-15 11:26:11.182 - SCENARIO : *** DATA DRIVEN CONCEPT OF REGISTERING WITH A VALID USERNAME AND PASSWORD *** passed successfully !
[ INFO ] 2023-08-15 11:26:11.183 - ***********************************************************************************************************
[ INFO ] 2023-08-15 11:26:11.183 - ###################### ###################### SCENARIO ENDS ###################### ######################
[ INFO ] 2023-08-15 11:26:11.183 - ***********************************************************************************************************
[ INFO ] 2023-08-15 11:26:11.223 - ***********************************************************************************************************
[ INFO ] 2023-08-15 11:26:11.223 - ###################### ###################### SCENARIO BEGINS ###################### ######################
[ INFO ] 2023-08-15 11:26:11.223 - ***********************************************************************************************************
[ERROR ] 2023-08-15 11:26:11.664 - Error HTTP 404 executing https://chromedriver.storage.googleapis.com/LATEST_RELEASE_115
[ WARN ] 2023-08-15 11:26:11.664 - Exception reading https://chromedriver.storage.googleapis.com/LATEST_RELEASE_115 to get latest version of chromedriver (Error HTTP 404 executing https://chromedriver.storage.googleapis.com/LATEST_RELEASE_115)
[ INFO ] 2023-08-15 11:26:11.813 - Exporting webdriver.chrome.driver as C:\Users\aasvi\.cache\selenium\chromedriver\win32\114.0.5735.90\chromedriver.exe
[ INFO ] 2023-08-15 11:26:12.707 - General Msg: Connection Established !!
[ INFO ] 2023-08-15 11:26:12.712 - Class Name: stepDefn -> Method: user_launches_the_browser -> SUCCESS Msg: Launching web page to check the user registration test case !
[ INFO ] 2023-08-15 11:26:13.215 - General Msg: User landed in User Registration Page !
[ INFO ] 2023-08-15 11:26:14.669 - General Msg: User testing registering User Name (123456789) and Password () and P2 () in User Registration Page !
[ERROR ] 2023-08-15 11:26:14.689 - Username (123456789)  is all numeric !!
[ERROR ] 2023-08-15 11:26:14.689 - Password is empty !!
[ INFO ] 2023-08-15 11:26:14.852 - Please fill out this field. -> system validated msg !
[ERROR ] 2023-08-15 11:26:14.852 - Confirm Password is empty !!
[ INFO ] 2023-08-15 11:26:14.963 - Please fill out this field. -> system validated msg !
[ERROR ] 2023-08-15 11:26:14.963 - Invalid User Registration details supplied !!
[ERROR ] 2023-08-15 11:26:14.979 - Class Name: stepDefn -> Method: page_source_contains -> Error Msg: Invalid credentials to register the user !!
[ INFO ] 2023-08-15 11:26:16.149 - General Msg: User closed the browser / driver !
[ INFO ] 2023-08-15 11:26:16.151 - SCENARIO : *** DATA DRIVEN CONCEPT OF REGISTERING WITH A VALID USERNAME AND PASSWORD *** passed successfully !
[ INFO ] 2023-08-15 11:26:16.151 - ***********************************************************************************************************
[ INFO ] 2023-08-15 11:26:16.151 - ###################### ###################### SCENARIO ENDS ###################### ######################
[ INFO ] 2023-08-15 11:26:16.151 - ***********************************************************************************************************
[ INFO ] 2023-08-15 11:26:16.176 - ***********************************************************************************************************
[ INFO ] 2023-08-15 11:26:16.176 - ###################### ###################### SCENARIO BEGINS ###################### ######################
[ INFO ] 2023-08-15 11:26:16.176 - ***********************************************************************************************************
[ERROR ] 2023-08-15 11:26:16.612 - Error HTTP 404 executing https://chromedriver.storage.googleapis.com/LATEST_RELEASE_115
[ WARN ] 2023-08-15 11:26:16.612 - Exception reading https://chromedriver.storage.googleapis.com/LATEST_RELEASE_115 to get latest version of chromedriver (Error HTTP 404 executing https://chromedriver.storage.googleapis.com/LATEST_RELEASE_115)
[ INFO ] 2023-08-15 11:26:16.766 - Exporting webdriver.chrome.driver as C:\Users\aasvi\.cache\selenium\chromedriver\win32\114.0.5735.90\chromedriver.exe
[ INFO ] 2023-08-15 11:26:17.618 - General Msg: Connection Established !!
[ INFO ] 2023-08-15 11:26:17.620 - Class Name: stepDefn -> Method: user_launches_the_browser -> SUCCESS Msg: Launching web page to check the user registration test case !
[ INFO ] 2023-08-15 11:26:18.165 - General Msg: User landed in User Registration Page !
[ INFO ] 2023-08-15 11:26:19.600 - General Msg: User testing registering User Name (user) and Password () and P2 (password) in User Registration Page !
[ERROR ] 2023-08-15 11:26:19.614 - Username (user) does not follow the standards !! Reason : (Shorter than 8 characters)
[ERROR ] 2023-08-15 11:26:19.615 - Password is empty !!
[ INFO ] 2023-08-15 11:26:19.748 - Please fill out this field. -> system validated msg !
[ERROR ] 2023-08-15 11:26:19.748 - Passwords do not match !!
[ERROR ] 2023-08-15 11:26:19.748 - Invalid User Registration details supplied !!
[ERROR ] 2023-08-15 11:26:19.752 - Class Name: stepDefn -> Method: page_source_contains -> Error Msg: Invalid credentials to register the user !!
[ INFO ] 2023-08-15 11:26:20.937 - General Msg: User closed the browser / driver !
[ INFO ] 2023-08-15 11:26:20.938 - SCENARIO : *** DATA DRIVEN CONCEPT OF REGISTERING WITH A VALID USERNAME AND PASSWORD *** passed successfully !
[ INFO ] 2023-08-15 11:26:20.938 - ***********************************************************************************************************
[ INFO ] 2023-08-15 11:26:20.938 - ###################### ###################### SCENARIO ENDS ###################### ######################
[ INFO ] 2023-08-15 11:26:20.938 - ***********************************************************************************************************
[ INFO ] 2023-08-15 11:26:20.961 - ***********************************************************************************************************
[ INFO ] 2023-08-15 11:26:20.961 - ###################### ###################### SCENARIO BEGINS ###################### ######################
[ INFO ] 2023-08-15 11:26:20.961 - ***********************************************************************************************************
[ERROR ] 2023-08-15 11:26:21.383 - Error HTTP 404 executing https://chromedriver.storage.googleapis.com/LATEST_RELEASE_115
[ WARN ] 2023-08-15 11:26:21.383 - Exception reading https://chromedriver.storage.googleapis.com/LATEST_RELEASE_115 to get latest version of chromedriver (Error HTTP 404 executing https://chromedriver.storage.googleapis.com/LATEST_RELEASE_115)
[ INFO ] 2023-08-15 11:26:21.525 - Exporting webdriver.chrome.driver as C:\Users\aasvi\.cache\selenium\chromedriver\win32\114.0.5735.90\chromedriver.exe
[ INFO ] 2023-08-15 11:26:22.371 - General Msg: Connection Established !!
[ INFO ] 2023-08-15 11:26:22.375 - Class Name: stepDefn -> Method: user_launches_the_browser -> SUCCESS Msg: Launching web page to check the user registration test case !
[ INFO ] 2023-08-15 11:26:22.927 - General Msg: User landed in User Registration Page !
[ INFO ] 2023-08-15 11:26:24.357 - General Msg: User testing registering User Name (user12) and Password () and P2 (password) in User Registration Page !
[ERROR ] 2023-08-15 11:26:24.370 - Username (user12) does not follow the standards !! Reason : (Shorter than 8 characters)
[ERROR ] 2023-08-15 11:26:24.370 - Password is empty !!
[ INFO ] 2023-08-15 11:26:24.528 - Please fill out this field. -> system validated msg !
[ERROR ] 2023-08-15 11:26:24.528 - Passwords do not match !!
[ERROR ] 2023-08-15 11:26:24.528 - Invalid User Registration details supplied !!
[ERROR ] 2023-08-15 11:26:24.531 - Class Name: stepDefn -> Method: page_source_contains -> Error Msg: Invalid credentials to register the user !!
[ INFO ] 2023-08-15 11:26:25.747 - General Msg: User closed the browser / driver !
[ INFO ] 2023-08-15 11:26:25.749 - SCENARIO : *** DATA DRIVEN CONCEPT OF REGISTERING WITH A VALID USERNAME AND PASSWORD *** passed successfully !
[ INFO ] 2023-08-15 11:26:25.750 - ***********************************************************************************************************
[ INFO ] 2023-08-15 11:26:25.750 - ###################### ###################### SCENARIO ENDS ###################### ######################
[ INFO ] 2023-08-15 11:26:25.750 - ***********************************************************************************************************
[ INFO ] 2023-08-15 11:26:25.776 - ***********************************************************************************************************
[ INFO ] 2023-08-15 11:26:25.776 - ###################### ###################### SCENARIO BEGINS ###################### ######################
[ INFO ] 2023-08-15 11:26:25.776 - ***********************************************************************************************************
[ERROR ] 2023-08-15 11:26:26.222 - Error HTTP 404 executing https://chromedriver.storage.googleapis.com/LATEST_RELEASE_115
[ WARN ] 2023-08-15 11:26:26.222 - Exception reading https://chromedriver.storage.googleapis.com/LATEST_RELEASE_115 to get latest version of chromedriver (Error HTTP 404 executing https://chromedriver.storage.googleapis.com/LATEST_RELEASE_115)
[ INFO ] 2023-08-15 11:26:26.364 - Exporting webdriver.chrome.driver as C:\Users\aasvi\.cache\selenium\chromedriver\win32\114.0.5735.90\chromedriver.exe
[ INFO ] 2023-08-15 11:26:27.229 - General Msg: Connection Established !!
[ INFO ] 2023-08-15 11:26:27.232 - Class Name: stepDefn -> Method: user_launches_the_browser -> SUCCESS Msg: Launching web page to check the user registration test case !
[ INFO ] 2023-08-15 11:26:27.769 - General Msg: User landed in User Registration Page !
[ INFO ] 2023-08-15 11:26:29.161 - General Msg: User testing registering User Name (user.123) and Password () and P2 (password) in User Registration Page !
[ERROR ] 2023-08-15 11:26:29.173 - Password is empty !!
[ INFO ] 2023-08-15 11:26:29.311 - Please fill out this field. -> system validated msg !
[ERROR ] 2023-08-15 11:26:29.311 - Passwords do not match !!
[ERROR ] 2023-08-15 11:26:29.311 - Invalid User Registration details supplied !!
[ERROR ] 2023-08-15 11:26:29.313 - Class Name: stepDefn -> Method: page_source_contains -> Error Msg: Invalid credentials to register the user !!
[ INFO ] 2023-08-15 11:26:30.529 - General Msg: User closed the browser / driver !
[ INFO ] 2023-08-15 11:26:30.533 - SCENARIO : *** DATA DRIVEN CONCEPT OF REGISTERING WITH A VALID USERNAME AND PASSWORD *** passed successfully !
[ INFO ] 2023-08-15 11:26:30.533 - ***********************************************************************************************************
[ INFO ] 2023-08-15 11:26:30.533 - ###################### ###################### SCENARIO ENDS ###################### ######################
[ INFO ] 2023-08-15 11:26:30.533 - ***********************************************************************************************************
[ INFO ] 2023-08-15 11:26:30.557 - ***********************************************************************************************************
[ INFO ] 2023-08-15 11:26:30.557 - ###################### ###################### SCENARIO BEGINS ###################### ######################
[ INFO ] 2023-08-15 11:26:30.558 - ***********************************************************************************************************
[ERROR ] 2023-08-15 11:26:30.985 - Error HTTP 404 executing https://chromedriver.storage.googleapis.com/LATEST_RELEASE_115
[ WARN ] 2023-08-15 11:26:30.985 - Exception reading https://chromedriver.storage.googleapis.com/LATEST_RELEASE_115 to get latest version of chromedriver (Error HTTP 404 executing https://chromedriver.storage.googleapis.com/LATEST_RELEASE_115)
[ INFO ] 2023-08-15 11:26:31.123 - Exporting webdriver.chrome.driver as C:\Users\aasvi\.cache\selenium\chromedriver\win32\114.0.5735.90\chromedriver.exe
[ INFO ] 2023-08-15 11:26:32.009 - General Msg: Connection Established !!
[ INFO ] 2023-08-15 11:26:32.011 - Class Name: stepDefn -> Method: user_launches_the_browser -> SUCCESS Msg: Launching web page to check the user registration test case !
[ INFO ] 2023-08-15 11:26:32.569 - General Msg: User landed in User Registration Page !
[ INFO ] 2023-08-15 11:26:33.989 - General Msg: User testing registering User Name (user12()) and Password () and P2 (password) in User Registration Page !
[ERROR ] 2023-08-15 11:26:34.005 - Username (user12()) does not follow the standards !! Reason : Invalid characters found
[ERROR ] 2023-08-15 11:26:34.005 - Password is empty !!
[ INFO ] 2023-08-15 11:26:34.198 - Please fill out this field. -> system validated msg !
[ERROR ] 2023-08-15 11:26:34.198 - Passwords do not match !!
[ERROR ] 2023-08-15 11:26:34.198 - Invalid User Registration details supplied !!
[ERROR ] 2023-08-15 11:26:34.207 - Class Name: stepDefn -> Method: page_source_contains -> Error Msg: Invalid credentials to register the user !!
[ INFO ] 2023-08-15 11:26:35.388 - General Msg: User closed the browser / driver !
[ INFO ] 2023-08-15 11:26:35.389 - SCENARIO : *** DATA DRIVEN CONCEPT OF REGISTERING WITH A VALID USERNAME AND PASSWORD *** passed successfully !
[ INFO ] 2023-08-15 11:26:35.389 - ***********************************************************************************************************
[ INFO ] 2023-08-15 11:26:35.389 - ###################### ###################### SCENARIO ENDS ###################### ######################
[ INFO ] 2023-08-15 11:26:35.389 - ***********************************************************************************************************
[ INFO ] 2023-08-15 11:26:35.416 - ***********************************************************************************************************
[ INFO ] 2023-08-15 11:26:35.416 - ###################### ###################### SCENARIO BEGINS ###################### ######################
[ INFO ] 2023-08-15 11:26:35.416 - ***********************************************************************************************************
[ERROR ] 2023-08-15 11:26:35.854 - Error HTTP 404 executing https://chromedriver.storage.googleapis.com/LATEST_RELEASE_115
[ WARN ] 2023-08-15 11:26:35.854 - Exception reading https://chromedriver.storage.googleapis.com/LATEST_RELEASE_115 to get latest version of chromedriver (Error HTTP 404 executing https://chromedriver.storage.googleapis.com/LATEST_RELEASE_115)
[ INFO ] 2023-08-15 11:26:35.990 - Exporting webdriver.chrome.driver as C:\Users\aasvi\.cache\selenium\chromedriver\win32\114.0.5735.90\chromedriver.exe
[ INFO ] 2023-08-15 11:26:36.836 - General Msg: User launched the web page to test Sign-In Module !
[ WARN ] 2023-08-15 11:26:37.319 - Class Name: StepDefinitions.stepDefn -> Method: open_the_website -> Warning Msg: User in Sign-In Page !!
[ INFO ] 2023-08-15 11:26:37.321 - Class Name: StepDefinitions.stepDefn -> Method: read_the_xl_file_values -> SUCCESS Msg: Reading XL File and Sheet Names !!
[ INFO ] 2023-08-15 11:26:44.057 - Class Name: stepDefn -> Method: login_if_valid -> Success Msg : Login Success !!
[ INFO ] 2023-08-15 11:26:44.064 - SCENARIO : *** SIGN INTO WEBSITE *** passed successfully !
[ INFO ] 2023-08-15 11:26:44.064 - ***********************************************************************************************************
[ INFO ] 2023-08-15 11:26:44.064 - ###################### ###################### SCENARIO ENDS ###################### ######################
[ INFO ] 2023-08-15 11:26:44.064 - ***********************************************************************************************************
[ INFO ] 2023-08-15 11:26:44.094 - ***********************************************************************************************************
[ INFO ] 2023-08-15 11:26:44.094 - ###################### ###################### SCENARIO BEGINS ###################### ######################
[ INFO ] 2023-08-15 11:26:44.094 - ***********************************************************************************************************
[ERROR ] 2023-08-15 11:26:44.512 - Error HTTP 404 executing https://chromedriver.storage.googleapis.com/LATEST_RELEASE_115
[ WARN ] 2023-08-15 11:26:44.512 - Exception reading https://chromedriver.storage.googleapis.com/LATEST_RELEASE_115 to get latest version of chromedriver (Error HTTP 404 executing https://chromedriver.storage.googleapis.com/LATEST_RELEASE_115)
[ INFO ] 2023-08-15 11:26:44.671 - Exporting webdriver.chrome.driver as C:\Users\aasvi\.cache\selenium\chromedriver\win32\114.0.5735.90\chromedriver.exe
[ INFO ] 2023-08-15 11:26:46.010 - Class Name: StepDefinitions.stepDefn -> Method: user_is_on_the_homepage -> SUCCESS Msg: User launched Home Page to login and test any DS Page !
[ INFO ] 2023-08-15 11:26:46.701 - Class Name: StepDefinitions.stepDefn -> Method: user_logs_in_with_valid_credentials -> SUCCESS Msg: User logs in Home Page to test any DS Page !
[ INFO ] 2023-08-15 11:26:48.994 - Class Name: StepDefinitions.stepDefn -> Method: user_clicks_the_getstarted_button_of_data_structures_introduction -> SUCCESS Msg: User clicks the Getstarted button of Data Structures - Introduction -> DS Page !
[ INFO ] 2023-08-15 11:26:50.128 - Class Name: StepDefinitions.stepDefn -> Method: user_is_directed_to_data_structures_introduction_page -> SUCCESS Msg: User is on Data Structures - Introduction Page !
[ INFO ] 2023-08-15 11:26:53.351 - Class Name: StepDefinitions.stepDefn -> Method: user_clicks_on_the_time_complexity_link -> SUCCESS Msg: User is able to click Time Complexity Link -> DS Page !
[ INFO ] 2023-08-15 11:26:54.374 - Class Name: StepDefinitions.stepDefn -> Method: user_is_directed_to_time_complexity_page -> SUCCESS Msg: User is directed to Time Complexity Page !
[ INFO ] 2023-08-15 11:26:56.316 - Class Name: StepDefinitions.stepDefn -> Method: user_clicks_on_DStry_here_button -> SUCCESS Msg: User is able to click Try Here button -> DS Page !
[ INFO ] 2023-08-15 11:26:57.482 - Class Name: StepDefinitions.stepDefn -> Method: user_is_directed_to_DStry_editor_page -> SUCCESS Msg: User is in TryEditor Page -> DS Page !
[ INFO ] 2023-08-15 11:26:58.594 - Class Name: StepDefinitions.stepDefn -> Method: user_clicks_on_DSrun_button -> SUCCESS Msg: User is able to click on Run button in Try Editor page -> DS Page !
[ INFO ] 2023-08-15 11:26:59.663 - Class Name: StepDefinitions.stepDefn -> Method: navigates_back_to_time_complexity_page -> SUCCESS Msg: User is able to navigate back to Time Complexity page -> DS Page !
[ INFO ] 2023-08-15 11:27:00.861 - Class Name: StepDefinitions.stepDefn -> Method: user_clicks_on_DSpractice_questions_link -> SUCCESS Msg: User is able to click on Practice Questions link -> DS Page !
[ INFO ] 2023-08-15 11:27:01.885 - Class Name: StepDefinitions.stepDefn -> Method: user_is_directed_to_DSpractice_questions_page -> SUCCESS Msg: User is able to land on Practice Questions Page -> DS Page !
[ INFO ] 2023-08-15 11:27:03.048 - Class Name: StepDefinitions.stepDefn -> Method: go_back_to_home_page -> SUCCESS Msg: User landed on the Home Page from null Page !
[ INFO ] 2023-08-15 11:27:04.234 - General Msg: User closed the browser / driver !
[ INFO ] 2023-08-15 11:27:04.238 - SCENARIO : *** TESTING DATA STRUCTURES INTRODUCTION *** passed successfully !
[ INFO ] 2023-08-15 11:27:04.239 - ***********************************************************************************************************
[ INFO ] 2023-08-15 11:27:04.239 - ###################### ###################### SCENARIO ENDS ###################### ######################
[ INFO ] 2023-08-15 11:27:04.239 - ***********************************************************************************************************
[ INFO ] 2023-08-15 11:27:04.285 - ***********************************************************************************************************
[ INFO ] 2023-08-15 11:27:04.285 - ###################### ###################### SCENARIO BEGINS ###################### ######################
[ INFO ] 2023-08-15 11:27:04.285 - ***********************************************************************************************************
[ERROR ] 2023-08-15 11:27:04.739 - Error HTTP 404 executing https://chromedriver.storage.googleapis.com/LATEST_RELEASE_115
[ WARN ] 2023-08-15 11:27:04.739 - Exception reading https://chromedriver.storage.googleapis.com/LATEST_RELEASE_115 to get latest version of chromedriver (Error HTTP 404 executing https://chromedriver.storage.googleapis.com/LATEST_RELEASE_115)
[ INFO ] 2023-08-15 11:27:04.877 - Exporting webdriver.chrome.driver as C:\Users\aasvi\.cache\selenium\chromedriver\win32\114.0.5735.90\chromedriver.exe
[ INFO ] 2023-08-15 11:27:06.271 - Class Name: StepDefinitions.stepDefn -> Method: user_is_on_the_homepage -> SUCCESS Msg: User launched Home Page to login and test any DS Page !
[ INFO ] 2023-08-15 11:27:06.963 - Class Name: StepDefinitions.stepDefn -> Method: user_logs_in_with_valid_credentials -> SUCCESS Msg: User logs in Home Page to test any DS Page !
[ INFO ] 2023-08-15 11:27:07.216 - Class Name: StepDefinitions.stepDefn -> Method: user_clicks_get_started_button_under_array_column -> SUCCESS Msg: User clicked on the Get Started Button under Array Column in Home Page !
[ INFO ] 2023-08-15 11:27:08.639 - Class Name: StepDefinitions.stepDefn -> Method: user_clicks_on_arrays_in_python_link -> SUCCESS Msg: User clicked Arrays in Python link - Array Page !
[ INFO ] 2023-08-15 11:27:10.874 - Class Name: StepDefinitions.stepDefn -> Method: user_clicks_on_try_here_button_on_arrays_in_python_page -> SUCCESS Msg: User is directed to the editor Page -> Arrays in Python Page !
[ INFO ] 2023-08-15 11:27:12.237 - Class Name: StepDefinitions.stepDefn -> Method: DisplayEditorCode -> SUCCESS Msg: User is trying a code snippet in the editor Page of Array !
[ INFO ] 2023-08-15 11:27:13.381 - Class Name: StepDefinitions.stepDefn -> Method: user_clicks_on_run_button -> SUCCESS Msg: User is able to click on Run button of TryEditor page
[ INFO ] 2023-08-15 11:27:14.532 - Class Name: StepDefinitions.stepDefn -> Method: user_navigates_back_to_array_page -> SUCCESS Msg: User landed on the Arrays page from Array Page !
[ INFO ] 2023-08-15 11:27:15.787 - Class Name: StepDefinitions.stepDefn -> Method: user_clicks_on_arrays_using_list_link -> SUCCESS Msg: User clicked Arrays Using List link - Array Page !
[ INFO ] 2023-08-15 11:27:17.048 - Class Name: StepDefinitions.stepDefn -> Method: user_clicks_on_try_here_button_on_arrays_using_list_page -> SUCCESS Msg: User is directed to the editor Page (Array) !
[ INFO ] 2023-08-15 11:27:18.402 - Class Name: StepDefinitions.stepDefn -> Method: DisplayEditorCode -> SUCCESS Msg: User is trying a code snippet in the editor Page of Array !
[ INFO ] 2023-08-15 11:27:19.508 - Class Name: StepDefinitions.stepDefn -> Method: user_clicks_on_run_button -> SUCCESS Msg: User is able to click on Run button of TryEditor page
[ INFO ] 2023-08-15 11:27:20.744 - Class Name: StepDefinitions.stepDefn -> Method: user_navigates_back_to_array_page -> SUCCESS Msg: User landed on the Arrays page from Array Page !
[ INFO ] 2023-08-15 11:27:22.238 - Class Name: StepDefinitions.stepDefn -> Method: user_clicks_on_basic_operations_in_lists_link -> SUCCESS Msg: User clicked Basic Operations in Lists link - Array Page !
[ INFO ] 2023-08-15 11:27:23.494 - Class Name: StepDefinitions.stepDefn -> Method: user_clicks_on_try_here_button_on_basic_operations_in_lists_page -> SUCCESS Msg: User is directed to the editor Page (Array) !
[ INFO ] 2023-08-15 11:27:24.886 - Class Name: StepDefinitions.stepDefn -> Method: DisplayEditorCode -> SUCCESS Msg: User is trying a code snippet in the editor Page of Array !
[ INFO ] 2023-08-15 11:27:25.986 - Class Name: StepDefinitions.stepDefn -> Method: user_clicks_on_run_button -> SUCCESS Msg: User is able to click on Run button of TryEditor page
[ INFO ] 2023-08-15 11:27:27.187 - Class Name: StepDefinitions.stepDefn -> Method: user_navigates_back_to_array_page -> SUCCESS Msg: User landed on the Arrays page from Array Page !
[ INFO ] 2023-08-15 11:27:28.514 - Class Name: StepDefinitions.stepDefn -> Method: user_clicks_on_applications_of_array_link -> SUCCESS Msg: User clicked Applications of Array link - Array Page !
[ INFO ] 2023-08-15 11:27:29.779 - Class Name: StepDefinitions.stepDefn -> Method: user_clicks_on_try_here_button_on_applications_of_array_page -> SUCCESS Msg: User is directed to the editor Page (Array) !
[ INFO ] 2023-08-15 11:27:31.133 - Class Name: StepDefinitions.stepDefn -> Method: DisplayEditorCode -> SUCCESS Msg: User is trying a code snippet in the editor Page of Array !
[ INFO ] 2023-08-15 11:27:32.212 - Class Name: StepDefinitions.stepDefn -> Method: user_clicks_on_run_button -> SUCCESS Msg: User is able to click on Run button of TryEditor page
[ INFO ] 2023-08-15 11:27:33.423 - Class Name: StepDefinitions.stepDefn -> Method: user_navigates_back -> SUCCESS Msg: User landed on the Applications of Array Page from Array Page !
[ INFO ] 2023-08-15 11:27:34.587 - Class Name: StepDefinitions.stepDefn -> Method: user_clicks_on_practice_question_link -> SUCCESS Msg: User clicked Practice Question link - Array Page !
[ INFO ] 2023-08-15 11:27:36.082 - Class Name: StepDefinitions.stepDefn -> Method: the_user_clicks_on_search_the_array_link -> SUCCESS Msg: User clicked Search the array link - Array Page !
[ INFO ] 2023-08-15 11:27:36.502 - Class Name: StepDefinitions.stepDefn -> Method: DisplayEditorCode -> SUCCESS Msg: User is trying a code snippet in the editor Page from (question1 page) Array !
[ INFO ] 2023-08-15 11:27:38.607 - Class Name: StepDefinitions.stepDefn -> Method: user_clicks_on_run_button_for_practice_question1 -> SUCCESS Msg: User clicked the RUN button in (Question1) Array !
[ INFO ] 2023-08-15 11:27:39.705 - Class Name: StepDefinitions.stepDefn -> Method: user_clicks_on_submit_button_for_practice_question1 -> SUCCESS Msg: User clicked the Submit button in editor Page from (question1 page) Array !
[ INFO ] 2023-08-15 11:27:45.202 - Class Name: StepDefinitions.stepDefn -> Method: the_user_clicks_on_max_consecutive_ones_link -> SUCCESS Msg: User clicked Max Consecutive Ones link - Array Page !
[ INFO ] 2023-08-15 11:27:45.528 - Class Name: StepDefinitions.stepDefn -> Method: DisplayEditorCode -> SUCCESS Msg: User is trying a code snippet in the editor Page from (question2 page) Array !
[ INFO ] 2023-08-15 11:27:47.620 - Class Name: StepDefinitions.stepDefn -> Method: user_clicks_on_run_button_for_practice_question2 -> SUCCESS Msg: User clicked the RUN button in (Question2) Array !
[ INFO ] 2023-08-15 11:27:48.687 - Class Name: StepDefinitions.stepDefn -> Method: user_clicks_on_submit_button_for_practice_question2 -> SUCCESS Msg: User clicked the Submit button in editor Page from (question1 page) Array !
[ INFO ] 2023-08-15 11:27:54.100 - Class Name: StepDefinitions.stepDefn -> Method: the_user_clicks_on_find_numbers_with_even_number_of_digits_link -> SUCCESS Msg: User clicked Find Numbers with Even Number of Digits link - Array Page !
[ INFO ] 2023-08-15 11:27:54.427 - Class Name: StepDefinitions.stepDefn -> Method: DisplayEditorCode -> SUCCESS Msg: User is trying a code snippet in the editor Page from (question3 page) Array !
[ INFO ] 2023-08-15 11:27:56.510 - Class Name: StepDefinitions.stepDefn -> Method: user_clicks_on_run_button_for_practice_question3 -> SUCCESS Msg: User clicked the RUN button in (Question3) Array !
[ INFO ] 2023-08-15 11:27:57.606 - Class Name: StepDefinitions.stepDefn -> Method: user_clicks_on_submit_button_for_practice_question3 -> SUCCESS Msg: User clicked the Submit button in editor Page from (question3 page) Array !
[ INFO ] 2023-08-15 11:28:03.015 - Class Name: StepDefinitions.stepDefn -> Method: the_user_clicks_on_squares_of_a_sorted_array_link -> SUCCESS Msg: User clicked Squares of a Sorted Array link - Array Page !
[ INFO ] 2023-08-15 11:28:03.378 - Class Name: StepDefinitions.stepDefn -> Method: DisplayEditorCode -> SUCCESS Msg: User is trying a code snippet in the editor Page from (question4 page) Array !
[ INFO ] 2023-08-15 11:28:05.487 - Class Name: StepDefinitions.stepDefn -> Method: user_clicks_on_run_button_for_practice_question4 -> SUCCESS Msg: User clicked the RUN button in (Question4) Array !
[ INFO ] 2023-08-15 11:28:06.581 - Class Name: StepDefinitions.stepDefn -> Method: user_clicks_on_submit_button_for_practice_question4 -> SUCCESS Msg: User clicked the Submit button in editor Page from (question4 page) Array !
[ INFO ] 2023-08-15 11:28:10.750 - SCENARIO : *** USER IS TESTING ARRAY MODULE *** passed successfully !
[ INFO ] 2023-08-15 11:28:10.758 - ***********************************************************************************************************
[ INFO ] 2023-08-15 11:28:10.759 - ###################### ###################### SCENARIO ENDS ###################### ######################
[ INFO ] 2023-08-15 11:28:10.759 - ***********************************************************************************************************
[ INFO ] 2023-08-15 11:28:10.812 - ***********************************************************************************************************
[ INFO ] 2023-08-15 11:28:10.812 - ###################### ###################### SCENARIO BEGINS ###################### ######################
[ INFO ] 2023-08-15 11:28:10.813 - ***********************************************************************************************************
[ERROR ] 2023-08-15 11:28:11.343 - Error HTTP 404 executing https://chromedriver.storage.googleapis.com/LATEST_RELEASE_115
[ WARN ] 2023-08-15 11:28:11.343 - Exception reading https://chromedriver.storage.googleapis.com/LATEST_RELEASE_115 to get latest version of chromedriver (Error HTTP 404 executing https://chromedriver.storage.googleapis.com/LATEST_RELEASE_115)
[ INFO ] 2023-08-15 11:28:11.473 - Exporting webdriver.chrome.driver as C:\Users\aasvi\.cache\selenium\chromedriver\win32\114.0.5735.90\chromedriver.exe
[ INFO ] 2023-08-15 11:28:12.937 - Class Name: StepDefinitions.stepDefn -> Method: user_is_on_the_homepage -> SUCCESS Msg: User launched Home Page to login and test any DS Page !
[ INFO ] 2023-08-15 11:28:13.604 - Class Name: StepDefinitions.stepDefn -> Method: user_logs_in_with_valid_credentials -> SUCCESS Msg: User logs in Home Page to test any DS Page !
[ INFO ] 2023-08-15 11:28:13.877 - Class Name: StepDefinitions.stepDefn -> Method: click_the_get_started_and_redirected_to_ll_page -> SUCCESS Msg: User clicked on the Get Started Button of Linked List in Home Page !
[ INFO ] 2023-08-15 11:28:15.129 - Class Name: StepDefinitions.stepDefn -> Method: click_on_the_intro_link -> SUCCESS Msg: User clicked Introduction to LL Link - LL Page !
[ INFO ] 2023-08-15 11:28:16.703 - Class Name: StepDefinitions.stepDefn -> Method: user_redirected_to_ll_intro_page_and_clicks_the_try_here -> SUCCESS Msg: User is directed to the (INTRO) code editor Page (LL) !
[ INFO ] 2023-08-15 11:28:17.133 - Class Name: StepDefinitions.stepDefn -> Method: DisplayEditorCode -> SUCCESS Msg: User is trying a code snippet in the editor Page from (INTRO TO) LL !
[ INFO ] 2023-08-15 11:28:18.289 - Class Name: StepDefinitions.stepDefn -> Method: clicked_on_the_run_button_and_verify_the_output_try_a_print_hello_statement_here -> SUCCESS Msg: User clicked the RUN button in (INTRO TO) Linked List - LL Page !
[ INFO ] 2023-08-15 11:28:18.628 - Class Name: StepDefinitions.stepDefn -> Method: click_on_creating_ll -> SUCCESS Msg: User clicked Create a Linked List - LL Page !
[ INFO ] 2023-08-15 11:28:19.234 - Class Name: StepDefinitions.stepDefn -> Method: user_redirected_to_create_ll_page_and_clicks_the_try_here -> SUCCESS Msg: User is in LL Page and clicked the (Create LL) TRY HERE button !
[ INFO ] 2023-08-15 11:28:23.824 - Class Name: StepDefinitions.stepDefn -> Method: clicked_on_the_run_button_and_verify_the_output_try_a_code_snippet_here -> SUCCESS Msg: User is in LL Page and clicked the (Create LL) RUN button !
[ INFO ] 2023-08-15 11:28:24.271 - Class Name: StepDefinitions.stepDefn -> Method: click_on_types_of_ll -> SUCCESS Msg: User clicked Types of Linked List - LL Page !
[ INFO ] 2023-08-15 11:28:24.870 - Class Name: StepDefinitions.stepDefn -> Method: user_redirected_to_ll_types_page_and_clicks_the_try_here -> SUCCESS Msg: User is in (TypesOf)LL Page and clicked the TRY HERE button !
[ INFO ] 2023-08-15 11:28:27.461 - Class Name: StepDefinitions.stepDefn -> Method: clicked_on_the_run_button_and_verify_the_output_try_a_code_snippet_for_single_and_double_ll_here -> SUCCESS Msg: User is in LL Page and clicked the (TypesOf LL) RUN button !
[ INFO ] 2023-08-15 11:28:27.800 - Class Name: StepDefinitions.stepDefn -> Method: click_on_implement_ll_in_python -> SUCCESS Msg: User clicked IMPLEMENT a Linked List - LL Page !
[ INFO ] 2023-08-15 11:28:28.385 - Class Name: StepDefinitions.stepDefn -> Method: user_redirected_to_implement_ll_page_and_clicks_the_try_here -> SUCCESS Msg: User is in (IMPLEMENT) LL Page and clicked the TRY HERE button !
[ INFO ] 2023-08-15 11:28:30.724 - Class Name: StepDefinitions.stepDefn -> Method: clicked_on_the_implement_ll_run_button_and_verify_the_output_try_a_code_snippet_here -> SUCCESS Msg: User is in (IMPLEMENT) LL Page and clicked the RUN button !
[ INFO ] 2023-08-15 11:28:31.118 - Class Name: StepDefinitions.stepDefn -> Method: click_on_traversal -> SUCCESS Msg: User clicked TRAVERSING a Linked List - LL Page !
[ INFO ] 2023-08-15 11:28:31.707 - Class Name: StepDefinitions.stepDefn -> Method: user_redirected_to_traverse_page_and_clicks_the_try_here -> SUCCESS Msg: User clicked Try Here -> TRAVERSING a Linked List -> LL Page !
[ INFO ] 2023-08-15 11:28:35.489 - Class Name: StepDefinitions.stepDefn -> Method: clicked_on_the_traversal_run_button_and_verify_the_output_try_a_code_snippet_here_available_in_the_same_web_page -> SUCCESS Msg: User clicked on the RUN Button of (TRAVERSE) Editor Page -> LL Page !
[ INFO ] 2023-08-15 11:28:35.945 - Class Name: StepDefinitions.stepDefn -> Method: click_on_insertion -> SUCCESS Msg: User clicked on the INSERT into Linked List -> LL Page !
[ INFO ] 2023-08-15 11:28:36.524 - Class Name: StepDefinitions.stepDefn -> Method: user_redirected_to_insert_in_ll_page_and_clicks_the_try_here -> SUCCESS Msg: User clicked on the Try Here Button (INSERT into Linked List) -> LL Page !
[ INFO ] 2023-08-15 11:28:38.732 - Class Name: StepDefinitions.stepDefn -> Method: user_redirected_to_the_insertion_editor_page_and_works_on_code_snippet -> SUCCESS Msg: User copied PYTHON code from the InsertIntoLL.properties file to INSERT into Linked List -> LL Page !
[ INFO ] 2023-08-15 11:28:40.824 - Class Name: StepDefinitions.stepDefn -> Method: clicked_on_the_insertion_run_button_and_verify_the_output_try_a_code_snippet_here -> SUCCESS Msg: User clicked on the RUN Button of (Insertion) Editor Page -> LL Page !
[ INFO ] 2023-08-15 11:28:41.255 - Class Name: StepDefinitions.stepDefn -> Method: click_on_deletion -> SUCCESS Msg: User clicked DELETE from a Linked List - LL Page !
[ INFO ] 2023-08-15 11:28:41.838 - Class Name: StepDefinitions.stepDefn -> Method: user_redirected_to_delete_from_ll_page_and_clicks_the_try_here -> SUCCESS Msg: User clicked Try Here -> DELETE from a Linked List -> LL Page !
[ INFO ] 2023-08-15 11:28:44.685 - Class Name: StepDefinitions.stepDefn -> Method: user_redirected_to_the_deletion_editor_page_and_works_on_code_snippet -> SUCCESS Msg: User is reading the PYTHON CODE for (DELETING LL) pasting in Editor Page -> LL Page !
[ INFO ] 2023-08-15 11:28:46.806 - Class Name: StepDefinitions.stepDefn -> Method: clicked_on_the_deletion_run_button_and_verify_the_output_try_a_code_snippet_here -> SUCCESS Msg: User clicked on the RUN Button of (DELETE) Editor Page -> LL Page !
[ INFO ] 2023-08-15 11:28:49.058 - Class Name: StepDefinitions.stepDefn -> Method: click_on_the_practice_qn -> SUCCESS Msg: User clicked on the PRACTICE QUESTIONS in Linked List -> LL Page !
[ INFO ] 2023-08-15 11:28:49.090 - Class Name: StepDefinitions.stepDefn -> Method: CheckForTestCasesResults -> SUCCESS Msg: User is in the PRACTICE QUESTIONS in Linked List Page !
[ INFO ] 2023-08-15 11:28:50.277 - Class Name: StepDefinitions.stepDefn -> Method: go_back_to_home_page -> SUCCESS Msg: User landed on the Home Page from LL Page !
[ INFO ] 2023-08-15 11:28:51.472 - General Msg: User closed the browser / driver !
[ INFO ] 2023-08-15 11:28:51.484 - SCENARIO : *** LINKED LIST CONCEPTS *** passed successfully !
[ INFO ] 2023-08-15 11:28:51.484 - ***********************************************************************************************************
[ INFO ] 2023-08-15 11:28:51.484 - ###################### ###################### SCENARIO ENDS ###################### ######################
[ INFO ] 2023-08-15 11:28:51.484 - ***********************************************************************************************************
[ INFO ] 2023-08-15 11:28:51.538 - ***********************************************************************************************************
[ INFO ] 2023-08-15 11:28:51.538 - ###################### ###################### SCENARIO BEGINS ###################### ######################
[ INFO ] 2023-08-15 11:28:51.538 - ***********************************************************************************************************
[ERROR ] 2023-08-15 11:28:52.017 - Error HTTP 404 executing https://chromedriver.storage.googleapis.com/LATEST_RELEASE_115
[ WARN ] 2023-08-15 11:28:52.017 - Exception reading https://chromedriver.storage.googleapis.com/LATEST_RELEASE_115 to get latest version of chromedriver (Error HTTP 404 executing https://chromedriver.storage.googleapis.com/LATEST_RELEASE_115)
[ INFO ] 2023-08-15 11:28:52.158 - Exporting webdriver.chrome.driver as C:\Users\aasvi\.cache\selenium\chromedriver\win32\114.0.5735.90\chromedriver.exe
[ INFO ] 2023-08-15 11:28:53.549 - Class Name: StepDefinitions.stepDefn -> Method: user_is_on_the_homepage -> SUCCESS Msg: User launched Home Page to login and test any DS Page !
[ INFO ] 2023-08-15 11:28:54.307 - Class Name: StepDefinitions.stepDefn -> Method: user_logs_in_with_valid_credentials -> SUCCESS Msg: User logs in Home Page to test any DS Page !
[ INFO ] 2023-08-15 11:28:54.560 - Class Name: StepDefinitions.stepDefn -> Method: click_the_get_started_then_redirected_to_stack_page -> SUCCESS Msg: User clicked on the Get Started button in Home Page to test the Stack Page !
[ INFO ] 2023-08-15 11:28:55.924 - Class Name: StepDefinitions.stepDefn -> Method: click_on_the_operations_in_stack -> SUCCESS Msg: User clicked on the Operations in Stack to test the Stack Page !
[ INFO ] 2023-08-15 11:28:57.506 - Class Name: StepDefinitions.stepDefn -> Method: user_redirected_to_stack_operations_page_and_clicks_the_try_here -> SUCCESS Msg: User clicked on the TRY HERE -> Operations in Stack -> Stack Page !
[ INFO ] 2023-08-15 11:28:59.024 - Class Name: StepDefinitions.stepDefn -> Method: clicked_on_the_Stack_Op_run_button_and_verify_the_output_try_a_print_hello_statement_here -> SUCCESS Msg: User clicked the RUN button in (Stack Operations) Stack Page !
[ INFO ] 2023-08-15 11:28:59.279 - Class Name: StepDefinitions.stepDefn -> Method: click_on_the_implementations_in_stack -> SUCCESS Msg: User clicked the Stack Impl -> Stack Page !
[ INFO ] 2023-08-15 11:29:00.524 - Class Name: StepDefinitions.stepDefn -> Method: user_redirected_to_implementations_page_and_clicks_the_try_here -> SUCCESS Msg: User clicked the Stack Impl -> Try Here -> Stack Page !
[ INFO ] 2023-08-15 11:29:01.950 - Class Name: StepDefinitions.stepDefn -> Method: clicked_on_the_Stack_Impl_run_button_and_verify_the_output_try_a_print_hello_statement_here -> SUCCESS Msg: User clicked the RUN button in (Stack Impl) - Stack Page !
[ INFO ] 2023-08-15 11:29:02.184 - Class Name: StepDefinitions.stepDefn -> Method: click_on_the_applications_in_stack -> SUCCESS Msg: User clicked the Stack Applications -> Stack Page !
[ INFO ] 2023-08-15 11:29:03.403 - Class Name: StepDefinitions.stepDefn -> Method: user_redirected_to_applications_page_and_clicks_the_try_here -> SUCCESS Msg: User clicked the Stack Applications -> Try Here -> Stack Page !
[ INFO ] 2023-08-15 11:29:04.866 - Class Name: StepDefinitions.stepDefn -> Method: clicked_on_the_Stack_App_run_button_and_verify_the_output_try_a_print_hello_statement_here -> SUCCESS Msg: User clicked the Stack App -> Run Button -> Stack Page !
[ INFO ] 2023-08-15 11:29:07.065 - Class Name: StepDefinitions.stepDefn -> Method: click_on_the_practice_question -> SUCCESS Msg: User clicked the Stack App -> Practice Question -> Stack Page !
[ INFO ] 2023-08-15 11:29:07.076 - Class Name: StepDefinitions.stepDefn -> Method: CheckForTestCasesResults -> SUCCESS Msg: User is in the PRACTICE QUESTIONS in Stack Page !
[ INFO ] 2023-08-15 11:29:08.236 - Class Name: StepDefinitions.stepDefn -> Method: go_back_to_home_page -> SUCCESS Msg: User landed on the Home Page from Stack Page !
[ INFO ] 2023-08-15 11:29:09.412 - General Msg: User closed the browser / driver !
[ INFO ] 2023-08-15 11:29:09.415 - SCENARIO : *** STACK OPERATIONS - VALID WORKING FEATURES *** passed successfully !
[ INFO ] 2023-08-15 11:29:09.416 - ***********************************************************************************************************
[ INFO ] 2023-08-15 11:29:09.416 - ###################### ###################### SCENARIO ENDS ###################### ######################
[ INFO ] 2023-08-15 11:29:09.416 - ***********************************************************************************************************
[ INFO ] 2023-08-15 11:29:09.445 - ***********************************************************************************************************
[ INFO ] 2023-08-15 11:29:09.446 - ###################### ###################### SCENARIO BEGINS ###################### ######################
[ INFO ] 2023-08-15 11:29:09.446 - ***********************************************************************************************************
[ERROR ] 2023-08-15 11:29:09.924 - Error HTTP 404 executing https://chromedriver.storage.googleapis.com/LATEST_RELEASE_115
[ WARN ] 2023-08-15 11:29:09.924 - Exception reading https://chromedriver.storage.googleapis.com/LATEST_RELEASE_115 to get latest version of chromedriver (Error HTTP 404 executing https://chromedriver.storage.googleapis.com/LATEST_RELEASE_115)
[ INFO ] 2023-08-15 11:29:10.051 - Exporting webdriver.chrome.driver as C:\Users\aasvi\.cache\selenium\chromedriver\win32\114.0.5735.90\chromedriver.exe
[ INFO ] 2023-08-15 11:29:11.528 - Class Name: StepDefinitions.stepDefn -> Method: user_is_on_the_homepage -> SUCCESS Msg: User launched Home Page to login and test any DS Page !
[ INFO ] 2023-08-15 11:29:12.219 - Class Name: StepDefinitions.stepDefn -> Method: user_logs_in_with_valid_credentials -> SUCCESS Msg: User logs in Home Page to test any DS Page !
[ INFO ] 2023-08-15 11:29:12.469 - Class Name: StepDefinitions.stepDefn -> Method: click_the_get_started_then_redirected_to_stack_page -> SUCCESS Msg: User clicked on the Get Started button in Home Page to test the Stack Page !
[ INFO ] 2023-08-15 11:29:13.831 - Class Name: StepDefinitions.stepDefn -> Method: click_on_the_operations_in_stack -> SUCCESS Msg: User clicked on the Operations in Stack to test the Stack Page !
[ INFO ] 2023-08-15 11:29:16.017 - Class Name: StepDefinitions.stepDefn -> Method: user_redirected_to_stack_operations_page_and_clicks_the_try_here -> SUCCESS Msg: User clicked on the TRY HERE -> Operations in Stack -> Stack Page !
[ INFO ] 2023-08-15 11:29:17.157 - Class Name: StepDefinitions.stepDefn -> Method: User_redirected_to_the_Stack_Editor_Page_and_works_on_invalid_code_snippet -> SUCCESS Msg: User is in the Stack Editor Page and works on an Invalid Code Snippet -> Stack Page !
[ INFO ] 2023-08-15 11:29:18.269 - Class Name: StepDefinitions.stepDefn -> Method: Clicked_on_the_Stack_Op_RunButton_and_verify_the_alert -> SUCCESS Msg: System Handled ALERT for invalid code snippet !
[ WARN ] 2023-08-15 11:29:18.292 - Class Name: StepDefinitions.stepDefn -> Method: Clicked_on_the_Stack_Op_RunButton_and_verify_the_alert -> Warning Msg: User unable to click the Stack Operations (to check invalid code snippet) -> RUN Button -> Stack Page !
[ INFO ] 2023-08-15 11:29:19.523 - Class Name: StepDefinitions.stepDefn -> Method: go_back_to_home_page -> SUCCESS Msg: User landed on the Home Page from Stack Page !
[ INFO ] 2023-08-15 11:29:20.670 - General Msg: User closed the browser / driver !
[ INFO ] 2023-08-15 11:29:20.672 - SCENARIO : *** STACK OPERATIONS - INVALID CODE TESTING *** passed successfully !
[ INFO ] 2023-08-15 11:29:20.672 - ***********************************************************************************************************
[ INFO ] 2023-08-15 11:29:20.672 - ###################### ###################### SCENARIO ENDS ###################### ######################
[ INFO ] 2023-08-15 11:29:20.672 - ***********************************************************************************************************
[ INFO ] 2023-08-15 11:29:20.699 - ***********************************************************************************************************
[ INFO ] 2023-08-15 11:29:20.699 - ###################### ###################### SCENARIO BEGINS ###################### ######################
[ INFO ] 2023-08-15 11:29:20.699 - ***********************************************************************************************************
[ERROR ] 2023-08-15 11:29:21.125 - Error HTTP 404 executing https://chromedriver.storage.googleapis.com/LATEST_RELEASE_115
[ WARN ] 2023-08-15 11:29:21.126 - Exception reading https://chromedriver.storage.googleapis.com/LATEST_RELEASE_115 to get latest version of chromedriver (Error HTTP 404 executing https://chromedriver.storage.googleapis.com/LATEST_RELEASE_115)
[ INFO ] 2023-08-15 11:29:21.267 - Exporting webdriver.chrome.driver as C:\Users\aasvi\.cache\selenium\chromedriver\win32\114.0.5735.90\chromedriver.exe
[ INFO ] 2023-08-15 11:29:22.720 - Class Name: StepDefinitions.stepDefn -> Method: user_is_on_the_homepage -> SUCCESS Msg: User launched Home Page to login and test any DS Page !
[ INFO ] 2023-08-15 11:29:23.442 - Class Name: StepDefinitions.stepDefn -> Method: user_logs_in_with_valid_credentials -> SUCCESS Msg: User logs in Home Page to test any DS Page !
[ INFO ] 2023-08-15 11:29:23.680 - Class Name: StepDefinitions.stepDefn -> Method: user_clicks_get_started_button_under_queue_column -> SUCCESS Msg: User clicked on the Get Started Button under Queue Column in Home Page !
[ INFO ] 2023-08-15 11:29:24.972 - Class Name: StepDefinitions.stepDefn -> Method: user_clicks_on_queue_in_python_link -> SUCCESS Msg: User clicked Queue in Python link - Queue Page !
[ INFO ] 2023-08-15 11:29:26.987 - Class Name: StepDefinitions.stepDefn -> Method: user_clicks_on_try_here_button_on_queue_in_python_page -> SUCCESS Msg: User is directed to editor Page (Queue) !
[ INFO ] 2023-08-15 11:29:28.403 - Class Name: StepDefinitions.stepDefn -> Method: DisplayEditorCode -> SUCCESS Msg: User is trying a code snippet in the editor Page of Queue !
[ INFO ] 2023-08-15 11:29:29.551 - Class Name: StepDefinitions.stepDefn -> Method: user_clicks_on_run_button -> SUCCESS Msg: User is able to click on Run button of TryEditor page
[ INFO ] 2023-08-15 11:29:30.714 - Class Name: StepDefinitions.stepDefn -> Method: user_navigates_back_to_queue_page -> SUCCESS Msg: User landed on the Queue page from Queue Page !
[ INFO ] 2023-08-15 11:29:31.941 - Class Name: StepDefinitions.stepDefn -> Method: user_clicks_on_implementation_using_collections_deque_link -> SUCCESS Msg: User clicked Implementation using collections.deque link - Queue Page !
[ INFO ] 2023-08-15 11:29:33.222 - Class Name: StepDefinitions.stepDefn -> Method: user_clicks_on_try_here_button_on_implementation_using_collections_deque_page -> SUCCESS Msg: User is directed to editor Page (Queue) !
[ INFO ] 2023-08-15 11:29:34.583 - Class Name: StepDefinitions.stepDefn -> Method: DisplayEditorCode -> SUCCESS Msg: User is trying a code snippet in the editor Page of Queue !
[ INFO ] 2023-08-15 11:29:35.664 - Class Name: StepDefinitions.stepDefn -> Method: user_clicks_on_run_button -> SUCCESS Msg: User is able to click on Run button of TryEditor page
[ INFO ] 2023-08-15 11:29:36.834 - Class Name: StepDefinitions.stepDefn -> Method: user_navigates_back_to_queue_page -> SUCCESS Msg: User landed on the Queue page from Queue Page !
[ INFO ] 2023-08-15 11:29:38.094 - Class Name: StepDefinitions.stepDefn -> Method: user_clicks_on_implementation_using_array_link -> SUCCESS Msg: User clicked Implementation using array link - Queue Page !
[ INFO ] 2023-08-15 11:29:39.336 - Class Name: StepDefinitions.stepDefn -> Method: user_clicks_on_try_here_button_on_implementation_using_array_pagee -> SUCCESS Msg: User is directed to editor Page (Queue) !
[ INFO ] 2023-08-15 11:29:40.749 - Class Name: StepDefinitions.stepDefn -> Method: DisplayEditorCode -> SUCCESS Msg: User is trying a code snippet in the editor Page of Queue !
[ INFO ] 2023-08-15 11:29:41.861 - Class Name: StepDefinitions.stepDefn -> Method: user_clicks_on_run_button -> SUCCESS Msg: User is able to click on Run button of TryEditor page
[ INFO ] 2023-08-15 11:29:43.029 - Class Name: StepDefinitions.stepDefn -> Method: user_navigates_back_to_queue_page -> SUCCESS Msg: User landed on the Queue page from Queue Page !
[ INFO ] 2023-08-15 11:29:44.246 - Class Name: StepDefinitions.stepDefn -> Method: user_clicks_on_queue_operations_link -> SUCCESS Msg: User clicked Queue Operations link - Queue Page !
[ INFO ] 2023-08-15 11:29:45.507 - Class Name: StepDefinitions.stepDefn -> Method: user_clicks_on_try_here_button_on_queue_operations_pagee -> SUCCESS Msg: User is directed to editor Page (Queue) !
[ INFO ] 2023-08-15 11:29:46.885 - Class Name: StepDefinitions.stepDefn -> Method: DisplayEditorCode -> SUCCESS Msg: User is trying a code snippet in the editor Page of Queue !
[ INFO ] 2023-08-15 11:29:47.973 - Class Name: StepDefinitions.stepDefn -> Method: user_clicks_on_run_button -> SUCCESS Msg: User is able to click on Run button of TryEditor page
[ INFO ] 2023-08-15 11:29:49.048 - Class Name: StepDefinitions.stepDefn -> Method: user_navigates_back_to_queueOp_page -> SUCCESS Msg: User landed on the Queue page from Queue Page !
[ INFO ] 2023-08-15 11:29:51.213 - Class Name: StepDefinitions.stepDefn -> Method: click_on_the_Queue_practice_question -> SUCCESS Msg: User clicked the Practice Question -> Queue Page !
[ INFO ] 2023-08-15 11:29:51.308 - SCENARIO : *** QUEUE OPERATIONS *** passed successfully !
[ INFO ] 2023-08-15 11:29:51.309 - ***********************************************************************************************************
[ INFO ] 2023-08-15 11:29:51.309 - ###################### ###################### SCENARIO ENDS ###################### ######################
[ INFO ] 2023-08-15 11:29:51.310 - ***********************************************************************************************************
[ INFO ] 2023-08-15 11:29:51.349 - ***********************************************************************************************************
[ INFO ] 2023-08-15 11:29:51.349 - ###################### ###################### SCENARIO BEGINS ###################### ######################
[ INFO ] 2023-08-15 11:29:51.349 - ***********************************************************************************************************
[ERROR ] 2023-08-15 11:29:51.790 - Error HTTP 404 executing https://chromedriver.storage.googleapis.com/LATEST_RELEASE_115
[ WARN ] 2023-08-15 11:29:51.791 - Exception reading https://chromedriver.storage.googleapis.com/LATEST_RELEASE_115 to get latest version of chromedriver (Error HTTP 404 executing https://chromedriver.storage.googleapis.com/LATEST_RELEASE_115)
[ INFO ] 2023-08-15 11:29:51.940 - Exporting webdriver.chrome.driver as C:\Users\aasvi\.cache\selenium\chromedriver\win32\114.0.5735.90\chromedriver.exe
[ INFO ] 2023-08-15 11:29:53.409 - Class Name: StepDefinitions.stepDefn -> Method: user_is_on_the_homepage -> SUCCESS Msg: User launched Home Page to login and test any DS Page !
[ INFO ] 2023-08-15 11:29:54.095 - Class Name: StepDefinitions.stepDefn -> Method: user_logs_in_with_valid_credentials -> SUCCESS Msg: User logs in Home Page to test any DS Page !
[ INFO ] 2023-08-15 11:29:54.345 - Class Name: StepDefinitions.stepDefn -> Method: click_the_get_started_then_redirected_to_tree_page -> SUCCESS Msg: User clicked the Get Started Button in Home Page to Test the Tree operations !
[ INFO ] 2023-08-15 11:29:54.597 - Class Name: StepDefinitions.stepDefn -> Method: click_on_the_overview_of_trees -> SUCCESS Msg: User clicked the Overview of Trees -> Tree Page !
[ INFO ] 2023-08-15 11:29:56.596 - Class Name: StepDefinitions.stepDefn -> Method: user_redirected_to_tree_overview_page_and_clicks_the_try_here -> SUCCESS Msg: User clicked the Overview of Trees -> Try Here -> Tree Page !
[ INFO ] 2023-08-15 11:29:58.141 - Class Name: StepDefinitions.stepDefn -> Method: clicked_on_the_overview_of_trees_run_button_and_verify_the_output_try_a_print_hello_statement_here -> SUCCESS Msg: User clicked the Tree Overview -> Run Button -> Tree Page !
[ INFO ] 2023-08-15 11:29:58.472 - Class Name: StepDefinitions.stepDefn -> Method: click_on_the_terminologies_of_trees -> SUCCESS Msg: User clicked the Terminologies of Trees -> Tree Page !
[ INFO ] 2023-08-15 11:29:58.663 - Class Name: StepDefinitions.stepDefn -> Method: user_redirected_to_tree_terminologies_and_clicks_the_try_here -> SUCCESS Msg: User clicked the Terminologies of Trees -> Try Here -> Tree Page !
[ INFO ] 2023-08-15 11:30:00.082 - Class Name: StepDefinitions.stepDefn -> Method: clicked_on_the_terminologies_of_trees_run_button_and_verify_the_output_try_a_print_hello_statement_here -> SUCCESS Msg: User clicked the Tree Terminologies -> Run Button -> Tree Page !
[ INFO ] 2023-08-15 11:30:00.391 - Class Name: StepDefinitions.stepDefn -> Method: click_on_the_types_of_trees -> SUCCESS Msg: User clicked the Types of Trees -> Tree Page !
[ INFO ] 2023-08-15 11:30:00.619 - Class Name: StepDefinitions.stepDefn -> Method: user_redirected_to_tree_types_page_and_clicks_the_try_here -> SUCCESS Msg: User clicked the Types of Trees -> Try here -> Tree Page !
[ INFO ] 2023-08-15 11:30:02.046 - Class Name: StepDefinitions.stepDefn -> Method: clicked_on_the_types_of_trees_run_button_and_verify_the_output_try_a_print_hello_statement_here -> SUCCESS Msg: User clicked the Types of Tree -> Run Button -> Tree Page !
[ INFO ] 2023-08-15 11:30:02.384 - Class Name: StepDefinitions.stepDefn -> Method: click_on_the_tree_traversals -> SUCCESS Msg: User clicked the Tree Traversal -> Tree Page !
[ INFO ] 2023-08-15 11:30:02.568 - Class Name: StepDefinitions.stepDefn -> Method: user_redirected_to_tree_traversals_page_and_clicks_the_try_here -> SUCCESS Msg: User clicked the Tree Traversal -> Try Here -> Tree Page !
[ INFO ] 2023-08-15 11:30:03.973 - Class Name: StepDefinitions.stepDefn -> Method: clicked_on_the_tree_traversals_run_button_and_verify_the_output_try_a_print_hello_statement_here -> SUCCESS Msg: User clicked the Tree Traversals -> Run Button -> Tree Page !
[ INFO ] 2023-08-15 11:30:04.375 - Class Name: StepDefinitions.stepDefn -> Method: click_on_the_trees_traversal_illustration -> SUCCESS Msg: User clicked the Tree Traversal Illustration -> Tree Page !
[ INFO ] 2023-08-15 11:30:04.574 - Class Name: StepDefinitions.stepDefn -> Method: user_redirected_to_tree_traversal_illustration_page_and_clicks_the_try_here -> SUCCESS Msg: User clicked the Tree Traversal Illustration -> Tree Page !
[ INFO ] 2023-08-15 11:30:05.976 - Class Name: StepDefinitions.stepDefn -> Method: clicked_on_the_trees_traversal_illustration_run_button_and_verify_the_output_try_a_print_hello_statement_here -> SUCCESS Msg: User clicked the Tree Traversals Illustration -> Run Button -> Tree Page !
[ INFO ] 2023-08-15 11:30:06.362 - Class Name: StepDefinitions.stepDefn -> Method: click_on_the_binary_trees -> SUCCESS Msg: User clicked the Binary Trees -> Tree Page !
[ INFO ] 2023-08-15 11:30:06.551 - Class Name: StepDefinitions.stepDefn -> Method: user_redirected_to_binary_tree_page_and_clicks_the_try_here -> SUCCESS Msg: User clicked the Binary Trees -> Try Here -> Tree Page !
[ INFO ] 2023-08-15 11:30:08.006 - Class Name: StepDefinitions.stepDefn -> Method: clicked_on_the_binary_trees_run_button_and_verify_the_output_try_a_print_hello_statement_here -> SUCCESS Msg: User clicked the Binary Tree -> Run Button -> Tree Page !
[ INFO ] 2023-08-15 11:30:08.467 - Class Name: StepDefinitions.stepDefn -> Method: click_on_the_types_of_binary_trees -> SUCCESS Msg: User clicked the Types of Binary Trees -> Tree Page !
[ INFO ] 2023-08-15 11:30:08.674 - Class Name: StepDefinitions.stepDefn -> Method: user_redirected_to_binary_tree_types_page_and_clicks_the_try_here -> SUCCESS Msg: User clicked the Types of Binary Trees -> Try Here -> Tree Page !
[ INFO ] 2023-08-15 11:30:10.117 - Class Name: StepDefinitions.stepDefn -> Method: clicked_on_the_types_of_binary_trees_run_button_and_verify_the_output_try_a_print_hello_statement_here -> SUCCESS Msg: User clicked the Types of Binary Tree -> Run Button -> Tree Page !
[ INFO ] 2023-08-15 11:30:10.413 - Class Name: StepDefinitions.stepDefn -> Method: click_on_the_implementation_of_trees -> SUCCESS Msg: User clicked the Implementation of Trees in Python -> Tree Page !
[ INFO ] 2023-08-15 11:30:10.625 - Class Name: StepDefinitions.stepDefn -> Method: user_redirected_to_tree_Python_impl_page_and_clicks_the_try_here -> SUCCESS Msg: User clicked the Implementation of Trees using Python -> Try Here -> Tree Page !
[ INFO ] 2023-08-15 11:30:12.049 - Class Name: StepDefinitions.stepDefn -> Method: clicked_on_the_implementation_of_trees_in_Python_run_button_and_verify_the_output_try_a_print_hello_statement_here -> SUCCESS Msg: User clicked the Implementation of Tree in Python -> Run Button -> Tree Page !
[ INFO ] 2023-08-15 11:30:12.380 - Class Name: StepDefinitions.stepDefn -> Method: click_on_the_binary_trees_traversal -> SUCCESS Msg: User clicked the Binary Tree Traversal -> Tree Page !
[ INFO ] 2023-08-15 11:30:12.601 - Class Name: StepDefinitions.stepDefn -> Method: user_redirected_to_binary_tree_traversal_page_and_clicks_the_try_here -> SUCCESS Msg: User clicked the Binary Tree Traversal -> Try Here -> Tree Page !
[ INFO ] 2023-08-15 11:30:14.055 - Class Name: StepDefinitions.stepDefn -> Method: clicked_on_the_binary_trees_traversal_run_button_and_verify_the_output_try_a_print_hello_statement_here -> SUCCESS Msg: User clicked the Binary Tree Traversal -> Run Button -> Tree Page !
[ INFO ] 2023-08-15 11:30:14.322 - Class Name: StepDefinitions.stepDefn -> Method: click_on_the_impl_of_binary_trees -> SUCCESS Msg: User clicked the Binary Tree Implementation -> Tree Page !
[ INFO ] 2023-08-15 11:30:14.498 - Class Name: StepDefinitions.stepDefn -> Method: user_redirected_to_impl_of_binary_trees_page_and_clicks_the_try_here -> SUCCESS Msg: User clicked the Binary Tree Implementation -> Try Here -> Tree Page !
[ INFO ] 2023-08-15 11:30:15.982 - Class Name: StepDefinitions.stepDefn -> Method: clicked_on_the_impl_of_binary_trees_run_button_and_verify_the_output_try_a_print_hello_statement_here -> SUCCESS Msg: User clicked the Implementation of Binary Tree -> Run Button -> Tree Page !
[ INFO ] 2023-08-15 11:30:16.255 - Class Name: StepDefinitions.stepDefn -> Method: click_on_the_appl_of_binary_trees -> SUCCESS Msg: User clicked the Binary Tree Application -> Tree Page !
[ INFO ] 2023-08-15 11:30:16.463 - Class Name: StepDefinitions.stepDefn -> Method: user_redirected_to_appl_of_binary_trees_page_and_clicks_the_try_here -> SUCCESS Msg: User clicked the Application of Binary Tree -> Try Here -> Tree Page !
[ INFO ] 2023-08-15 11:30:17.932 - Class Name: StepDefinitions.stepDefn -> Method: clicked_on_the_appl_of_binary_trees_run_button_and_verify_the_output_try_a_print_hello_statement_here -> SUCCESS Msg: User clicked the Application of Binary Tree -> Run Button -> Tree Page !
[ INFO ] 2023-08-15 11:30:18.576 - Class Name: StepDefinitions.stepDefn -> Method: click_on_the_binary_search_trees -> SUCCESS Msg: User clicked the Binary Tree Search -> Tree Page !
[ INFO ] 2023-08-15 11:30:18.811 - Class Name: StepDefinitions.stepDefn -> Method: user_redirected_to_binary_search_tree_page_and_clicks_the_try_here -> SUCCESS Msg: User clicked the Binary Tree Search -> Try Here -> Tree Page !
[ INFO ] 2023-08-15 11:30:20.360 - Class Name: StepDefinitions.stepDefn -> Method: clicked_on_the_binary_search_trees_run_button_and_verify_the_output_try_a_print_hello_statement_here -> SUCCESS Msg: User clicked the Binary Search Tree -> Run Button -> Tree Page !
[ INFO ] 2023-08-15 11:30:20.659 - Class Name: StepDefinitions.stepDefn -> Method: click_on_the_impl_of_bin_srch_tree -> SUCCESS Msg: User clicked the Binary Tree Search -> Tree Page !
[ INFO ] 2023-08-15 11:30:20.830 - Class Name: StepDefinitions.stepDefn -> Method: user_redirected_to_impl_of_bin_srch_tree_page_and_clicks_the_try_here -> SUCCESS Msg: User clicked the Binary Tree Search -> Try Here -> Tree Page !
[ INFO ] 2023-08-15 11:30:22.294 - Class Name: StepDefinitions.stepDefn -> Method: clicked_on_the_Impl_of_BinSrch_Tree_Runbutton_and_verify_the_output_try_a_print_hello_statement_here -> SUCCESS Msg: User clicked the RUN button in Impl of Binary Tree Search -> Run Button -> Tree Page
[ INFO ] 2023-08-15 11:30:24.506 - Class Name: StepDefinitions.stepDefn -> Method: click_on_the_tree_practice_question -> SUCCESS Msg: User clicked the Tree Page -> Practice Question !
[ INFO ] 2023-08-15 11:30:24.513 - Class Name: StepDefinitions.stepDefn -> Method: CheckForTestCasesResults -> SUCCESS Msg: User is in the PRACTICE QUESTIONS in Tree Page !
[ INFO ] 2023-08-15 11:30:25.695 - Class Name: StepDefinitions.stepDefn -> Method: go_back_to_home_page -> SUCCESS Msg: User landed on the Home Page from Tree Page !
[ INFO ] 2023-08-15 11:30:26.844 - General Msg: User closed the browser / driver !
[ INFO ] 2023-08-15 11:30:26.844 - SCENARIO : *** TREE OPERATIONS *** passed successfully !
[ INFO ] 2023-08-15 11:30:26.844 - ***********************************************************************************************************
[ INFO ] 2023-08-15 11:30:26.844 - ###################### ###################### SCENARIO ENDS ###################### ######################
[ INFO ] 2023-08-15 11:30:26.844 - ***********************************************************************************************************
[ INFO ] 2023-08-15 11:30:26.874 - ***********************************************************************************************************
[ INFO ] 2023-08-15 11:30:26.874 - ###################### ###################### SCENARIO BEGINS ###################### ######################
[ INFO ] 2023-08-15 11:30:26.874 - ***********************************************************************************************************
[ERROR ] 2023-08-15 11:30:27.397 - Error HTTP 404 executing https://chromedriver.storage.googleapis.com/LATEST_RELEASE_115
[ WARN ] 2023-08-15 11:30:27.397 - Exception reading https://chromedriver.storage.googleapis.com/LATEST_RELEASE_115 to get latest version of chromedriver (Error HTTP 404 executing https://chromedriver.storage.googleapis.com/LATEST_RELEASE_115)
[ INFO ] 2023-08-15 11:30:27.545 - Exporting webdriver.chrome.driver as C:\Users\aasvi\.cache\selenium\chromedriver\win32\114.0.5735.90\chromedriver.exe
[ INFO ] 2023-08-15 11:30:29.050 - Class Name: StepDefinitions.stepDefn -> Method: user_is_on_the_homepage -> SUCCESS Msg: User launched Home Page to login and test any DS Page !
[ INFO ] 2023-08-15 11:30:29.698 - Class Name: StepDefinitions.stepDefn -> Method: user_logs_in_with_valid_credentials -> SUCCESS Msg: User logs in Home Page to test any DS Page !
[ INFO ] 2023-08-15 11:30:31.014 - Class Name: StepDefinitions.stepDefn -> Method: user_clicks_the_getstarted_button_of_graph -> SUCCESS Msg: User is able to click the Getstarted  button -> Graph Page !
[ INFO ] 2023-08-15 11:30:34.038 - Class Name: StepDefinitions.stepDefn -> Method: user_is_directed_to_graph_page -> SUCCESS Msg: User is able to land on Graph -> Graph Page !
[ INFO ] 2023-08-15 11:30:37.301 - Class Name: StepDefinitions.stepDefn -> Method: user_clicks_on_the_graph_link -> SUCCESS Msg: User is able to land on Graph -> Graph Page !
[ INFO ] 2023-08-15 11:30:40.491 - Class Name: StepDefinitions.stepDefn -> Method: user_is_directed_to_graph_intro_page -> SUCCESS Msg: User is able to land on GraphIntro Page !
[ INFO ] 2023-08-15 11:30:42.669 - Class Name: StepDefinitions.stepDefn -> Method: user_clicks_on_try_here_button -> SUCCESS Msg: User is able to click on Tryhere button -> Graph Representations Page!
[ INFO ] 2023-08-15 11:30:43.829 - Class Name: StepDefinitions.stepDefn -> Method: user_is_directed_to_try_editor_page -> SUCCESS Msg: User is able to land on TryEditor page!
[ INFO ] 2023-08-15 11:30:44.942 - Class Name: StepDefinitions.stepDefn -> Method: user_clicks_on_run_button -> SUCCESS Msg: User is able to click on Run button of TryEditor page
[ INFO ] 2023-08-15 11:30:47.033 - Class Name: StepDefinitions.stepDefn -> Method: navigates_back_to_graph_intro_page -> SUCCESS Msg: User is able to navigate back to GraphIntro Page !
[ INFO ] 2023-08-15 11:30:50.663 - Class Name: StepDefinitions.stepDefn -> Method: user_clicks_on_graph_representations_link -> SUCCESS Msg: User is able to click on Graph Representations link -> Graph Page !
[ INFO ] 2023-08-15 11:30:52.118 - Class Name: StepDefinitions.stepDefn -> Method: user_clicks_on_try_here_button -> SUCCESS Msg: User is able to click on Tryhere button -> Graph Representations Page!
[ INFO ] 2023-08-15 11:30:53.265 - Class Name: StepDefinitions.stepDefn -> Method: user_is_directed_to_try_editor_page -> SUCCESS Msg: User is able to land on TryEditor page!
[ INFO ] 2023-08-15 11:30:54.359 - Class Name: StepDefinitions.stepDefn -> Method: user_clicks_on_run_button -> SUCCESS Msg: User is able to click on Run button of TryEditor page
[ INFO ] 2023-08-15 11:30:56.425 - Class Name: StepDefinitions.stepDefn -> Method: navigates_back_to_graph_repr_page -> SUCCESS Msg: User is able to land on Graph Representations Page!
[ INFO ] 2023-08-15 11:30:59.611 - Class Name: StepDefinitions.stepDefn -> Method: user_clicks_on_Graphpractice_questions_link -> SUCCESS Msg: User is able to click on GraphPractice Questions link !
[ INFO ] 2023-08-15 11:31:00.625 - Class Name: StepDefinitions.stepDefn -> Method: user_is_directed_to_Graphpractice_questions_page -> SUCCESS Msg: User is able to land on GraphPractice Questions page !
[ INFO ] 2023-08-15 11:31:01.780 - Class Name: StepDefinitions.stepDefn -> Method: go_back_to_home_page -> SUCCESS Msg: User landed on the Home Page from Graph Page !
[ INFO ] 2023-08-15 11:31:02.911 - General Msg: User closed the browser / driver !
[ INFO ] 2023-08-15 11:31:02.913 - SCENARIO : *** GRAPH OPERATIONS *** passed successfully !
[ INFO ] 2023-08-15 11:31:02.914 - ***********************************************************************************************************
[ INFO ] 2023-08-15 11:31:02.914 - ###################### ###################### SCENARIO ENDS ###################### ######################
[ INFO ] 2023-08-15 11:31:02.914 - ***********************************************************************************************************
